<?xml version="1.0" encoding="UTF-8"?>
<testng-results ignored="0" total="1" passed="1" failed="0" skipped="0">
  <reporter-output>
  </reporter-output>
  <suite started-at="2023-01-29T14:13:27 IST" name="Default suite" finished-at="2023-01-29T14:13:49 IST" duration-ms="21769">
    <groups>
    </groups>
    <test started-at="2023-01-29T14:13:27 IST" name="Default test" finished-at="2023-01-29T14:13:49 IST" duration-ms="21769">
      <class name="OrangeTestscript.Test1">
        <test-method is-config="true" signature="launchBrowser()[pri:0, instance:OrangeTestscript.Test1@158d2680]" started-at="2023-01-29T14:13:27 IST" name="launchBrowser" finished-at="2023-01-29T14:13:37 IST" duration-ms="10198" status="PASS">
          <reporter-output>
          </reporter-output>
        </test-method> <!-- launchBrowser -->
        <test-method is-config="true" signature="login()[pri:0, instance:OrangeTestscript.Test1@158d2680]" started-at="2023-01-29T14:13:37 IST" name="login" finished-at="2023-01-29T14:13:44 IST" duration-ms="6951" status="PASS">
          <reporter-output>
          </reporter-output>
        </test-method> <!-- login -->
        <test-method signature="m1()[pri:0, instance:OrangeTestscript.Test1@158d2680]" started-at="2023-01-29T14:13:44 IST" name="m1" finished-at="2023-01-29T14:13:46 IST" duration-ms="2068" status="PASS">
          <reporter-output>
          </reporter-output>
        </test-method> <!-- m1 -->
        <test-method is-config="true" signature="logout()[pri:0, instance:OrangeTestscript.Test1@158d2680]" started-at="2023-01-29T14:13:46 IST" name="logout" finished-at="2023-01-29T14:13:49 IST" duration-ms="2301" status="PASS">
          <reporter-output>
          </reporter-output>
        </test-method> <!-- logout -->
        <test-method is-config="true" signature="closeBrowser()[pri:0, instance:OrangeTestscript.Test1@158d2680]" started-at="2023-01-29T14:13:49 IST" name="closeBrowser" finished-at="2023-01-29T14:13:49 IST" duration-ms="167" status="PASS">
          <reporter-output>
          </reporter-output>
        </test-method> <!-- closeBrowser -->
      </class> <!-- OrangeTestscript.Test1 -->
    </test> <!-- Default test -->
  </suite> <!-- Default suite -->
</testng-results>
